Android/AndroidSecApp/proguard/seeds.txt
com.security.R$anim: int accelerate_quad
com.security.R$anim: int decelerate_quad
com.security.R$anim: int e_fade_in
com.security.R$anim: int e_fade_out
com.security.R$anim: int enter
com.security.R$anim: int exit
com.security.R$anim: int pop_enter
com.security.R$anim: int pop_exit
com.security.R$attr: int actionBarDivider
com.security.R$attr: int actionBarItemBackground
com.security.R$attr: int actionBarSize
com.security.R$attr: int actionBarSplitStyle
com.security.R$attr: int actionBarStyle
com.security.R$attr: int actionBarTabBarStyle
com.security.R$attr: int actionBarTabStyle
com.security.R$attr: int actionBarTabTextStyle
com.security.R$attr: int actionBarWidgetTheme
com.security.R$attr: int actionButtonStyle
com.security.R$attr: int actionDropDownStyle
com.security.R$attr: int actionMenuTextAppearance
com.security.R$attr: int actionMenuTextColor
com.security.R$attr: int actionModeBackground
com.security.R$attr: int actionModeCloseButtonStyle
com.security.R$attr: int actionModeCloseDrawable
com.security.R$attr: int actionModePopupWindowStyle
com.security.R$attr: int actionModeShareDrawable
com.security.R$attr: int actionModeSplitBackground
com.security.R$attr: int actionModeStyle
com.security.R$attr: int actionOverflowButtonStyle
com.security.R$attr: int actionSpinnerItemStyle
com.security.R$attr: int activatedBackgroundIndicator
com.security.R$attr: int activityChooserViewStyle
com.security.R$attr: int adSize
com.security.R$attr: int adSizes
com.security.R$attr: int adUnitId
com.security.R$attr: int background
com.security.R$attr: int backgroundSplit
com.security.R$attr: int backgroundStacked
com.security.R$attr: int behindOffset
com.security.R$attr: int behindScrollScale
com.security.R$attr: int behindWidth
com.security.R$bool: int abs__action_bar_embed_tabs
com.security.R$bool: int abs__action_bar_expanded_action_views_exclusive
com.security.R$bool: int abs__config_actionMenuItemAllCaps
com.security.R$bool: int abs__config_allowActionMenuItemTextWithIcon
com.security.R$bool: int abs__config_showMenuShortcutsWhenKeyboardPresent
com.security.R$bool: int abs__split_action_bar_is_narrow
com.security.R$color: int abs__background_holo_dark
com.security.R$color: int abs__background_holo_light
com.security.R$color: int abs__bright_foreground_disabled_holo_dark
com.security.R$color: int abs__bright_foreground_disabled_holo_light
com.security.R$color: int abs__bright_foreground_holo_dark
com.security.R$color: int abs__bright_foreground_holo_light
com.security.R$color: int abs__primary_text_disable_only_holo_dark
com.security.R$color: int abs__primary_text_disable_only_holo_light
com.security.R$color: int abs__primary_text_holo_dark
com.security.R$color: int abs__primary_text_holo_light
com.security.R$color: int background
com.security.R$color: int black
com.security.R$color: int blue
com.security.R$color: int com_facebook_blue
com.security.R$color: int com_facebook_loginview_text_color
com.security.R$color: int com_facebook_picker_search_bar_background
com.security.R$color: int com_facebook_picker_search_bar_text
com.security.R$color: int com_facebook_usersettingsfragment_connected_shadow_color
com.security.R$color: int com_facebook_usersettingsfragment_connected_text_color
com.security.R$color: int com_facebook_usersettingsfragment_not_connected_text_color
com.security.R$color: int common_action_bar_splitter
com.security.R$color: int common_signin_btn_dark_text_default
com.security.R$color: int common_signin_btn_dark_text_disabled
com.security.R$color: int common_signin_btn_dark_text_focused
com.security.R$color: int common_signin_btn_dark_text_pressed
...
com.google.android.gms.wallet.fragment.WalletFragmentStyle
com.google.android.gms.wallet.fragment.WalletFragmentStyle: android.os.Parcelable$Creator CREATOR
com.google.android.gms.wearable.WearableListenerService
com.google.gson.FieldNamingPolicy: com.google.gson.FieldNamingPolicy[] values()
com.google.gson.FieldNamingPolicy: com.google.gson.FieldNamingPolicy valueOf(java.lang.String)
com.google.gson.LongSerializationPolicy: com.google.gson.LongSerializationPolicy[] values()
com.google.gson.LongSerializationPolicy: com.google.gson.LongSerializationPolicy valueOf(java.lang.String)
com.google.gson.stream.JsonToken: com.google.gson.stream.JsonToken[] values()
com.google.gson.stream.JsonToken: com.google.gson.stream.JsonToken valueOf(java.lang.String)
com.jeremyfeinstein.slidingmenu.lib.CustomViewAbove
com.jeremyfeinstein.slidingmenu.lib.CustomViewAbove: CustomViewAbove(android.content.Context)
com.jeremyfeinstein.slidingmenu.lib.CustomViewAbove: CustomViewAbove(android.content.Context,android.util.AttributeSet)
com.jeremyfeinstein.slidingmenu.lib.CustomViewAbove: void setCurrentItem(int)
com.jeremyfeinstein.slidingmenu.lib.CustomViewAbove: void setCurrentItem(int,boolean)
com.jeremyfeinstein.slidingmenu.lib.CustomViewAbove: void setOnPageChangeListener(com.jeremyfeinstein.slidingmenu.lib.CustomViewAbove$OnPageChangeListener)
com.jeremyfeinstein.slidingmenu.lib.CustomViewAbove: void setOnOpenedListener(com.jeremyfeinstein.slidingmenu.lib.SlidingMenu$OnOpenedListener)
com.jeremyfeinstein.slidingmenu.lib.CustomViewAbove: void setOnClosedListener(com.jeremyfeinstein.slidingmenu.lib.SlidingMenu$OnClosedListener)
com.jeremyfeinstein.slidingmenu.lib.CustomViewAbove: void setSlidingEnabled(boolean)
com.jeremyfeinstein.slidingmenu.lib.CustomViewAbove: void setContent(android.view.View)
com.jeremyfeinstein.slidingmenu.lib.CustomViewAbove: void setCustomViewBehind(com.jeremyfeinstein.slidingmenu.lib.CustomViewBehind)
com.jeremyfeinstein.slidingmenu.lib.CustomViewAbove: void setAboveOffset(int)
com.jeremyfeinstein.slidingmenu.lib.CustomViewAbove: void setTouchMode(int)
com.jeremyfeinstein.slidingmenu.lib.CustomViewBehind
com.jeremyfeinstein.slidingmenu.lib.CustomViewBehind: CustomViewBehind(android.content.Context)
com.jeremyfeinstein.slidingmenu.lib.CustomViewBehind: CustomViewBehind(android.content.Context,android.util.AttributeSet)
com.jeremyfeinstein.slidingmenu.lib.CustomViewBehind: void setCustomViewAbove(com.jeremyfeinstein.slidingmenu.lib.CustomViewAbove)
com.jeremyfeinstein.slidingmenu.lib.CustomViewBehind: void setCanvasTransformer(com.jeremyfeinstein.slidingmenu.lib.SlidingMenu$CanvasTransformer)
com.jeremyfeinstein.slidingmenu.lib.CustomViewBehind: void setWidthOffset(int)
com.jeremyfeinstein.slidingmenu.lib.CustomViewBehind: void setMarginThreshold(int)
com.jeremyfeinstein.slidingmenu.lib.CustomViewBehind: void setContent(android.view.View)
com.jeremyfeinstein.slidingmenu.lib.CustomViewBehind: void setSecondaryContent(android.view.View)
com.jeremyfeinstein.slidingmenu.lib.CustomViewBehind: void setChildrenEnabled(boolean)
com.jeremyfeinstein.slidingmenu.lib.CustomViewBehind: void setMode(int)
com.jeremyfeinstein.slidingmenu.lib.CustomViewBehind: void setScrollScale(float)
com.jeremyfeinstein.slidingmenu.lib.CustomViewBehind: void setShadowDrawable(android.graphics.drawable.Drawable)
com.jeremyfeinstein.slidingmenu.lib.CustomViewBehind: void setSecondaryShadowDrawable(android.graphics.drawable.Drawable)
com.jeremyfeinstein.slidingmenu.lib.CustomViewBehind: void setShadowWidth(int)