Android/AndroidSecApp/proguard/mapping.txt
com.security.activities.FragmentChangeActivity -> com.security.activities.FragmentChangeActivity:
    android.support.v4.app.Fragment fragmentSlidingMenu -> c
    android.support.v4.app.Fragment fragmentGeneric -> d
    android.support.v4.app.Fragment fragmentMap -> e
    android.support.v4.app.Fragment fragmentStore -> f
    android.support.v4.app.Fragment framentFilter -> g
    android.support.v4.app.Fragment framentBudget -> h
    android.support.v4.app.Fragment framentPedido -> i
    com.security.fragments.FragmentContants prevFragment -> j
    com.security.fragments.FragmentContants actFragment -> k
    double actualLat -> a
    double actualLng -> b
    android.os.Bundle savedInstanceStateBak -> l
    int[] $SWITCH_TABLE$com$security$fragments$FragmentContants -> m
    void initActionBar() -> c
    void initSlidingMenu() -> d
    void onCreate(android.os.Bundle) -> onCreate
    void onSaveInstanceState(android.os.Bundle) -> onSaveInstanceState
    void switchContent(com.security.fragments.FragmentContants) -> a
    void switchContent(com.security.fragments.FragmentContants,boolean,boolean,java.lang.Object[]) -> a
    void access$0(com.security.activities.FragmentChangeActivity) -> a
    int[] $SWITCH_TABLE$com$security$fragments$FragmentContants() -> b
com.security.activities.FragmentChangeActivity$1 -> com.security.activities.a:
    com.security.activities.FragmentChangeActivity this$0 -> a
    void onClick(android.view.View) -> onClick
com.security.activities.FragmentChangeActivity$2 -> com.security.activities.b:
    com.security.activities.FragmentChangeActivity this$0 -> a
    void onClick(android.view.View) -> onClick
    com.security.activities.FragmentChangeActivity access$0(com.security.activities.FragmentChangeActivity$2) -> a
com.security.activities.FragmentChangeActivity$2$1 -> com.security.activities.c:
    com.security.activities.FragmentChangeActivity$2 this$1 -> a
    void onClick(android.view.View) -> onClick
com.security.activities.SplashActivity -> com.security.activities.SplashActivity:
    void onCreate(android.os.Bundle) -> onCreate
com.security.classes.Cache -> com.security.classes.a:
    android.app.Activity appActivity -> a
com.security.classes.Local -> com.security.classes.b:
    java.lang.String clientId -> a
    java.lang.String clientSecret -> b
    java.lang.Integer idLocal -> c
    java.lang.String nombre -> d
    java.lang.String descripcion -> e
    java.lang.String location -> f
    java.lang.Boolean esServicio -> g
    com.security.classes.Rubro rubro -> h
    java.util.ArrayList retrieveLocales() -> a
    void setIdLocal(java.lang.Integer) -> a
    java.lang.String getNombre() -> b
    void setNombre(java.lang.String) -> a
    java.lang.String getDescripcion() -> c
    void setDescripcion(java.lang.String) -> b
    java.lang.String getLocation() -> d
    void setLocation(java.lang.String) -> c
    void setEsServicio(java.lang.Boolean) -> a
    void setRubro(com.security.classes.Rubro) -> a
    int hashCode() -> hashCode
    boolean equals(java.lang.Object) -> equals
    java.lang.String toString() -> toString
    void setClientId(java.lang.String) -> d
    void setClientSecret(java.lang.String) -> e
com.security.classes.Pedido -> com.security.classes.c:
    java.lang.Integer idPedido -> a
    java.lang.String descripcion -> b
    void setDescripcion(java.lang.String) -> a
    int hashCode() -> hashCode
    boolean equals(java.lang.Object) -> equals
    java.lang.String toString() -> toString
com.security.classes.Presupuesto -> com.security.classes.d:
    java.lang.Integer idPresupuesto -> a
    java.lang.Double monto -> b
    void setMonto(java.lang.Double) -> a
    int hashCode() -> hashCode
    boolean equals(java.lang.Object) -> equals
    java.lang.String toString() -> toString
...
com.google.android.gms.internal.jn -> com.google.android.gms.internal.mq:
    com.google.android.gms.internal.jm br(android.os.Parcel) -> a
    com.google.android.gms.internal.jm[] cF(int) -> a
    void a(com.google.android.gms.internal.jm,android.os.Parcel,int) -> a
    java.lang.Object[] newArray(int) -> newArray
    java.lang.Object createFromParcel(android.os.Parcel) -> createFromParcel
com.google.android.gms.internal.jo -> com.google.android.gms.internal.jo:
    android.os.Parcelable$Creator CREATOR -> CREATOR
    int xH -> e
    java.lang.String label -> a
    com.google.android.gms.internal.jp adg -> b
    java.lang.String type -> c
    com.google.android.gms.internal.ju abJ -> d
    int getVersionCode() -> a
    int describeContents() -> describeContents
    void writeToParcel(android.os.Parcel,int) -> writeToParcel
com.google.android.gms.internal.jp -> com.google.android.gms.internal.jp:
    android.os.Parcelable$Creator CREATOR -> CREATOR
    int xH -> g
    int adh -> a
    java.lang.String adi -> b
    double adj -> c
    java.lang.String adk -> d
    long adl -> e
    int adm -> f
    int getVersionCode() -> a
    int describeContents() -> describeContents
    void writeToParcel(android.os.Parcel,int) -> writeToParcel
com.google.android.gms.internal.jq -> com.google.android.gms.internal.mr:
    com.google.android.gms.internal.jp bs(android.os.Parcel) -> a
    com.google.android.gms.internal.jp[] cG(int) -> a
    void a(com.google.android.gms.internal.jp,android.os.Parcel,int) -> a
    java.lang.Object[] newArray(int) -> newArray
    java.lang.Object createFromParcel(android.os.Parcel) -> createFromParcel
com.google.android.gms.internal.jr -> com.google.android.gms.internal.ms:
    com.google.android.gms.internal.jo bt(android.os.Parcel) -> a
    com.google.android.gms.internal.jo[] cH(int) -> a
    void a(com.google.android.gms.internal.jo,android.os.Parcel,int) -> a
    java.lang.Object[] newArray(int) -> newArray
    java.lang.Object createFromParcel(android.os.Parcel) -> createFromParcel
com.google.android.gms.internal.js -> com.google.android.gms.internal.js:
    android.os.Parcelable$Creator CREATOR -> CREATOR
    int xH -> c
    java.lang.String adn -> a
    java.lang.String pm -> b
    int getVersionCode() -> a
    int describeContents() -> describeContents
    void writeToParcel(android.os.Parcel,int) -> writeToParcel
com.google.android.gms.internal.jt -> com.google.android.gms.internal.mt:
    com.google.android.gms.internal.js bu(android.os.Parcel) -> a
    com.google.android.gms.internal.js[] cI(int) -> a
    void a(com.google.android.gms.internal.js,android.os.Parcel,int) -> a
    java.lang.Object[] newArray(int) -> newArray
    java.lang.Object createFromParcel(android.os.Parcel) -> createFromParcel
com.google.android.gms.internal.ju -> com.google.android.gms.internal.ju:
    android.os.Parcelable$Creator CREATOR -> CREATOR
    int xH -> c
    long ado -> a
    long adp -> b
    int getVersionCode() -> a
    int describeContents() -> describeContents
    void writeToParcel(android.os.Parcel,int) -> writeToParcel
com.google.android.gms.internal.jv -> com.google.android.gms.internal.mu:
    com.google.android.gms.internal.ju bv(android.os.Parcel) -> a
    com.google.android.gms.internal.ju[] cJ(int) -> a
    void a(com.google.android.gms.internal.ju,android.os.Parcel,int) -> a
    java.lang.Object[] newArray(int) -> newArray
    java.lang.Object createFromParcel(android.os.Parcel) -> createFromParcel
com.google.android.gms.internal.jw -> com.google.android.gms.internal.jw:
    android.os.Parcelable$Creator CREATOR -> CREATOR
    int xH -> c
    java.lang.String adq -> a
    java.lang.String description -> b
    int getVersionCode() -> a
    int describeContents() -> describeContents
    void writeToParcel(android.os.Parcel,int) -> writeToParcel