Android/AndroidSecApp/proguard/usage.txt
com.security.BuildConfig
com.security.R
com.security.R$anim
com.security.R$attr
com.security.R$bool
com.security.R$color
com.security.R$dimen
com.security.R$drawable
com.security.R$id
com.security.R$integer
com.security.R$layout
com.security.R$menu
com.security.R$string
com.security.R$style
com.security.R$styleable
com.security.activities.FragmentChangeActivity:
    private android.support.v4.app.Fragment mContent
    private android.support.v4.app.Fragment fragmentDenoucementList
    private android.support.v4.app.Fragment fragmentDenoucementAdd
    private android.support.v4.app.Fragment fragmentConfiguration
    private android.support.v4.app.Fragment fragmentLoginEmail
    private android.support.v4.app.Fragment fragmentLoginFacebook
    private android.widget.Button buttonLoginLogout
com.security.activities.SplashActivity:
    public static android.app.Dialog dialog
    public static android.app.Activity act
com.security.classes.Cache:
    5:5:public Cache()
com.security.classes.Comprador
com.security.classes.Local:
    private byte[] imagen
    private static final long serialVersionUID
    50:52:public Local(java.lang.Integer)
    55:55:public java.lang.Integer getIdLocal()
    87:87:public java.lang.Boolean getEsServicio()
    113:113:public com.security.classes.Rubro getRubro()
    121:121:public java.lang.Integer getIdRubro()
    150:150:public byte[] getImagen()
    154:155:public void setImagen(byte[])
    158:158:public java.lang.String getClientId()
    166:166:public java.lang.String getClientSecret()
com.security.classes.Pedido:
    private static final long serialVersionUID
    private java.lang.String titulo
    private com.security.classes.Comprador idComprador
    14:26:public java.util.ArrayList retrievePedidos()
    32:34:public Pedido(java.lang.Integer)
    37:37:public java.lang.Integer getIdPedido()
    41:42:public void setIdPedido(java.lang.Integer)
    45:45:public java.lang.String getTitulo()
    49:50:public void setTitulo(java.lang.String)
    53:53:public java.lang.String getDescripcion()
    79:79:public com.security.classes.Comprador getIdComprador()
    83:84:public void setIdComprador(com.security.classes.Comprador)
com.security.classes.Persona
com.security.classes.Presupuesto:
    private static final long serialVersionUID
    private java.lang.String titulo
    private java.lang.String presupuesto
    private com.security.classes.Pedido idPedido
    private com.security.classes.Vendedor idVendedor
    21:35:public java.util.ArrayList retrievePresupuestos()
    38:40:public Presupuesto(java.lang.Integer)
    43:43:public java.lang.Integer getIdPresupuesto()
    47:48:public void setIdPresupuesto(java.lang.Integer)
    51:51:public java.lang.String getTitulo()
    55:56:public void setTitulo(java.lang.String)
    59:59:public java.lang.String getPresupuesto()
    63:64:public void setPresupuesto(java.lang.String)
    67:67:public java.lang.Double getMonto()
    75:75:public com.security.classes.Pedido getIdPedido()
    79:80:public void setIdPedido(com.security.classes.Pedido)
    83:83:public com.security.classes.Vendedor getIdVendedor()
    87:88:public void setIdVendedor(com.security.classes.Vendedor)
com.security.classes.Rubro:
    private static final long serialVersionUID
    30:32:public Rubro(java.lang.Integer)
    35:35:public java.lang.Integer getIdRubro()
    43:43:public java.lang.String getNombre()
    51:51:public java.lang.String getDescripcion()
com.security.classes.SecApp:
    16:16:public static android.content.Context getAppContext()
com.security.classes.Usuario
com.security.classes.Vendedor
com.security.controls.DatePickerFragment:
    16:17:public void setCallBack(android.app.DatePickerDialog$OnDateSetListener)
com.security.controls.TimePickerFragment:
    16:17:public void setCallBack(android.app.TimePickerDialog$OnTimeSetListener)
com.security.fragments.SlidingMenuFragment:
    111:117:public void catchError(java.lang.Exception)
...
com.google.android.gms.tagmanager.co$1
com.google.android.gms.tagmanager.co$2
com.google.android.gms.tagmanager.co$a
com.google.android.gms.tagmanager.co$b
com.google.android.gms.tagmanager.cp
com.google.android.gms.tagmanager.cp$1
com.google.android.gms.tagmanager.cp$2
com.google.android.gms.tagmanager.cq:
    public static com.google.android.gms.tagmanager.cq$c b(com.google.android.gms.internal.c$f)
    private static com.google.android.gms.internal.d$a a(int,com.google.android.gms.internal.c$f,com.google.android.gms.internal.d$a[],java.util.Set)
    private static com.google.android.gms.internal.c$h h(com.google.android.gms.internal.d$a)
    private static void bL(java.lang.String)
    private static java.lang.Object a(java.lang.Object[],int,java.lang.String)
    private static com.google.android.gms.tagmanager.cq$a a(com.google.android.gms.internal.c$b,com.google.android.gms.internal.c$f,com.google.android.gms.internal.d$a[],int)
    private static com.google.android.gms.tagmanager.cq$e a(com.google.android.gms.internal.c$g,java.util.List,java.util.List,java.util.List,com.google.android.gms.internal.c$f)
    public static void b(java.io.InputStream,java.io.OutputStream)
com.google.android.gms.tagmanager.cq$1
com.google.android.gms.tagmanager.cq$a:
    private cq$a(java.util.Map,com.google.android.gms.internal.d$a)
    public static com.google.android.gms.tagmanager.cq$b ld()
    synthetic cq$a(java.util.Map,com.google.android.gms.internal.d$a,com.google.android.gms.tagmanager.cq$1)
com.google.android.gms.tagmanager.cq$b
com.google.android.gms.tagmanager.cq$c
com.google.android.gms.tagmanager.cq$d
com.google.android.gms.tagmanager.cq$e:
    private final java.util.List ZA
    private final java.util.List ZB
    private cq$e(java.util.List,java.util.List,java.util.List,java.util.List,java.util.List,java.util.List,java.util.List,java.util.List,java.util.List,java.util.List)
    public static com.google.android.gms.tagmanager.cq$f ll()
    public java.util.List lr()
    public java.util.List ls()
    synthetic cq$e(java.util.List,java.util.List,java.util.List,java.util.List,java.util.List,java.util.List,java.util.List,java.util.List,java.util.List,java.util.List,com.google.android.gms.tagmanager.cq$1)
com.google.android.gms.tagmanager.cq$f
com.google.android.gms.tagmanager.cq$g
com.google.android.gms.tagmanager.cs:
    private final com.google.android.gms.tagmanager.cq$c ZF
    public cs(android.content.Context,com.google.android.gms.tagmanager.cq$c,com.google.android.gms.tagmanager.DataLayer,com.google.android.gms.tagmanager.s$a,com.google.android.gms.tagmanager.s$a,com.google.android.gms.tagmanager.ag)
    public synchronized void e(java.util.List)
    public com.google.android.gms.tagmanager.by bR(java.lang.String)
    synchronized java.lang.String lx()
    private static com.google.android.gms.tagmanager.cs$c d(java.util.Map,java.lang.String)
    private static java.lang.String h(com.google.android.gms.tagmanager.cq$a)
    private static void a(java.util.Map,com.google.android.gms.tagmanager.aj)
    void a(com.google.android.gms.tagmanager.aj)
    void b(com.google.android.gms.tagmanager.aj)
    void c(com.google.android.gms.tagmanager.aj)
    private static void a(java.util.List,java.util.List,java.lang.String)
com.google.android.gms.tagmanager.cs$1
com.google.android.gms.tagmanager.cs$2
com.google.android.gms.tagmanager.cs$b:
    public int getSize()
com.google.android.gms.tagmanager.cs$c:
    public void b(com.google.android.gms.tagmanager.cq$e)
    public void a(com.google.android.gms.tagmanager.cq$e,com.google.android.gms.tagmanager.cq$a)
    public void a(com.google.android.gms.tagmanager.cq$e,java.lang.String)
    public void b(com.google.android.gms.tagmanager.cq$e,com.google.android.gms.tagmanager.cq$a)
    public void b(com.google.android.gms.tagmanager.cq$e,java.lang.String)
    public void i(com.google.android.gms.tagmanager.cq$a)
com.google.android.gms.tagmanager.ct
com.google.android.gms.tagmanager.cu